<?xml version="1.0" encoding="UTF-8"?>
<coverage generated="1781893528319" clover="3.2.0">
  <project timestamp="1781893528320" name="All files">
    <metrics statements="229" coveredstatements="198" conditionals="108" coveredconditionals="78" methods="59" coveredmethods="54" elements="396" coveredelements="330" complexity="0" loc="229" ncloc="229" packages="9" files="19" classes="19"/>
    <package name="features.auth.components">
      <metrics statements="72" coveredstatements="52" conditionals="42" coveredconditionals="25" methods="10" coveredmethods="8"/>
      <file name="LoginForm.tsx" path="E:\Tareas\Cuarto Cuatrimestre\Metodología y Gestion\Parcial 2\active-trace\frontend\src\features\auth\components\LoginForm.tsx">
        <metrics statements="6" coveredstatements="6" conditionals="8" coveredconditionals="5" methods="2" coveredmethods="2"/>
        <line num="12" count="1" type="stmt"/>
        <line num="25" count="11" type="stmt"/>
        <line num="30" count="11" type="stmt"/>
        <line num="35" count="11" type="stmt"/>
        <line num="36" count="2" type="stmt"/>
        <line num="39" count="11" type="stmt"/>
      </file>
      <file name="RecoveryForm.tsx" path="E:\Tareas\Cuarto Cuatrimestre\Metodología y Gestion\Parcial 2\active-trace\frontend\src\features\auth\components\RecoveryForm.tsx">
        <metrics statements="18" coveredstatements="17" conditionals="10" coveredconditionals="7" methods="2" coveredmethods="2"/>
        <line num="12" count="2" type="stmt"/>
        <line num="22" count="10" type="stmt"/>
        <line num="23" count="10" type="stmt"/>
        <line num="24" count="10" type="stmt"/>
        <line num="29" count="10" type="stmt"/>
        <line num="34" count="10" type="stmt"/>
        <line num="35" count="2" type="stmt"/>
        <line num="36" count="2" type="stmt"/>
        <line num="38" count="2" type="stmt"/>
        <line num="39" count="2" type="stmt"/>
        <line num="40" count="1" type="stmt"/>
        <line num="42" count="1" type="cond" truecount="1" falsecount="1"/>
        <line num="43" count="1" type="stmt"/>
        <line num="45" count="0" type="stmt"/>
        <line num="48" count="2" type="stmt"/>
        <line num="52" count="10" type="cond" truecount="2" falsecount="0"/>
        <line num="53" count="1" type="stmt"/>
        <line num="69" count="9" type="stmt"/>
      </file>
      <file name="ResetForm.tsx" path="E:\Tareas\Cuarto Cuatrimestre\Metodología y Gestion\Parcial 2\active-trace\frontend\src\features\auth\components\ResetForm.tsx">
        <metrics statements="24" coveredstatements="21" conditionals="14" coveredconditionals="9" methods="3" coveredmethods="3"/>
        <line num="13" count="2" type="stmt"/>
        <line num="22" count="2" type="stmt"/>
        <line num="30" count="12" type="stmt"/>
        <line num="31" count="12" type="stmt"/>
        <line num="32" count="12" type="stmt"/>
        <line num="34" count="12" type="stmt"/>
        <line num="35" count="12" type="stmt"/>
        <line num="40" count="12" type="stmt"/>
        <line num="45" count="12" type="stmt"/>
        <line num="46" count="2" type="cond" truecount="1" falsecount="1"/>
        <line num="47" count="0" type="stmt"/>
        <line num="48" count="0" type="stmt"/>
        <line num="51" count="2" type="stmt"/>
        <line num="52" count="2" type="stmt"/>
        <line num="54" count="2" type="stmt"/>
        <line num="55" count="2" type="stmt"/>
        <line num="60" count="1" type="stmt"/>
        <line num="62" count="1" type="cond" truecount="1" falsecount="1"/>
        <line num="63" count="1" type="stmt"/>
        <line num="65" count="0" type="stmt"/>
        <line num="68" count="2" type="stmt"/>
        <line num="72" count="12" type="cond" truecount="2" falsecount="0"/>
        <line num="73" count="2" type="stmt"/>
        <line num="89" count="10" type="stmt"/>
      </file>
      <file name="TwoFAGate.tsx" path="E:\Tareas\Cuarto Cuatrimestre\Metodología y Gestion\Parcial 2\active-trace\frontend\src\features\auth\components\TwoFAGate.tsx">
        <metrics statements="24" coveredstatements="8" conditionals="10" coveredconditionals="4" methods="3" coveredmethods="1"/>
        <line num="12" count="4" type="stmt"/>
        <line num="13" count="4" type="stmt"/>
        <line num="14" count="4" type="stmt"/>
        <line num="15" count="4" type="stmt"/>
        <line num="16" count="4" type="stmt"/>
        <line num="18" count="4" type="stmt"/>
        <line num="20" count="4" type="stmt"/>
        <line num="21" count="0" type="stmt"/>
        <line num="23" count="0" type="cond" truecount="0" falsecount="2"/>
        <line num="24" count="0" type="stmt"/>
        <line num="25" count="0" type="stmt"/>
        <line num="28" count="0" type="stmt"/>
        <line num="29" count="0" type="stmt"/>
        <line num="31" count="0" type="stmt"/>
        <line num="32" count="0" type="stmt"/>
        <line num="33" count="0" type="stmt"/>
        <line num="34" count="0" type="stmt"/>
        <line num="36" count="0" type="cond" truecount="0" falsecount="2"/>
        <line num="37" count="0" type="stmt"/>
        <line num="39" count="0" type="stmt"/>
        <line num="42" count="0" type="stmt"/>
        <line num="46" count="4" type="stmt"/>
        <line num="67" count="0" type="stmt"/>
        <line num="68" count="0" type="stmt"/>
      </file>
    </package>
    <package name="features.auth.hooks">
      <metrics statements="21" coveredstatements="18" conditionals="6" coveredconditionals="4" methods="2" coveredmethods="2"/>
      <file name="useLogin.ts" path="E:\Tareas\Cuarto Cuatrimestre\Metodología y Gestion\Parcial 2\active-trace\frontend\src\features\auth\hooks\useLogin.ts">
        <metrics statements="21" coveredstatements="18" conditionals="6" coveredconditionals="4" methods="2" coveredmethods="2"/>
        <line num="15" count="11" type="stmt"/>
        <line num="16" count="11" type="stmt"/>
        <line num="17" count="11" type="stmt"/>
        <line num="18" count="11" type="stmt"/>
        <line num="19" count="11" type="stmt"/>
        <line num="21" count="11" type="stmt"/>
        <line num="23" count="2" type="stmt"/>
        <line num="24" count="2" type="stmt"/>
        <line num="26" count="2" type="stmt"/>
        <line num="27" count="2" type="stmt"/>
        <line num="29" count="1" type="cond" truecount="1" falsecount="1"/>
        <line num="31" count="0" type="stmt"/>
        <line num="32" count="0" type="stmt"/>
        <line num="34" count="1" type="stmt"/>
        <line num="36" count="1" type="cond" truecount="2" falsecount="0"/>
        <line num="37" count="1" type="stmt"/>
        <line num="40" count="1" type="cond" truecount="1" falsecount="1"/>
        <line num="41" count="1" type="stmt"/>
        <line num="43" count="0" type="stmt"/>
        <line num="46" count="2" type="stmt"/>
        <line num="52" count="11" type="stmt"/>
      </file>
    </package>
    <package name="features.auth.pages">
      <metrics statements="6" coveredstatements="6" conditionals="6" coveredconditionals="4" methods="3" coveredmethods="3"/>
      <file name="LoginPage.tsx" path="E:\Tareas\Cuarto Cuatrimestre\Metodología y Gestion\Parcial 2\active-trace\frontend\src\features\auth\pages\LoginPage.tsx">
        <metrics statements="4" coveredstatements="4" conditionals="6" coveredconditionals="4" methods="1" coveredmethods="1"/>
        <line num="11" count="7" type="stmt"/>
        <line num="12" count="7" type="stmt"/>
        <line num="15" count="7" type="cond" truecount="2" falsecount="0"/>
        <line num="17" count="7" type="stmt"/>
      </file>
      <file name="RecoveryPage.tsx" path="E:\Tareas\Cuarto Cuatrimestre\Metodología y Gestion\Parcial 2\active-trace\frontend\src\features\auth\pages\RecoveryPage.tsx">
        <metrics statements="1" coveredstatements="1" conditionals="0" coveredconditionals="0" methods="1" coveredmethods="1"/>
        <line num="8" count="1" type="stmt"/>
      </file>
      <file name="ResetPage.tsx" path="E:\Tareas\Cuarto Cuatrimestre\Metodología y Gestion\Parcial 2\active-trace\frontend\src\features\auth\pages\ResetPage.tsx">
        <metrics statements="1" coveredstatements="1" conditionals="0" coveredconditionals="0" methods="1" coveredmethods="1"/>
        <line num="8" count="1" type="stmt"/>
      </file>
    </package>
    <package name="features.auth.services">
      <metrics statements="6" coveredstatements="6" conditionals="0" coveredconditionals="0" methods="9" coveredmethods="9"/>
      <file name="authApi.ts" path="E:\Tareas\Cuarto Cuatrimestre\Metodología y Gestion\Parcial 2\active-trace\frontend\src\features\auth\services\authApi.ts">
        <metrics statements="6" coveredstatements="6" conditionals="0" coveredconditionals="0" methods="9" coveredmethods="9"/>
        <line num="13" count="1" type="stmt"/>
        <line num="17" count="1" type="stmt"/>
        <line num="21" count="1" type="stmt"/>
        <line num="25" count="1" type="stmt"/>
        <line num="29" count="1" type="stmt"/>
        <line num="33" count="1" type="stmt"/>
      </file>
    </package>
    <package name="features.auth.types">
      <metrics statements="0" coveredstatements="0" conditionals="0" coveredconditionals="0" methods="0" coveredmethods="0"/>
      <file name="index.ts" path="E:\Tareas\Cuarto Cuatrimestre\Metodología y Gestion\Parcial 2\active-trace\frontend\src\features\auth\types\index.ts">
        <metrics statements="0" coveredstatements="0" conditionals="0" coveredconditionals="0" methods="0" coveredmethods="0"/>
      </file>
    </package>
    <package name="shared.components">
      <metrics statements="30" coveredstatements="26" conditionals="25" coveredconditionals="19" methods="11" coveredmethods="9"/>
      <file name="AppLayout.tsx" path="E:\Tareas\Cuarto Cuatrimestre\Metodología y Gestion\Parcial 2\active-trace\frontend\src\shared\components\AppLayout.tsx">
        <metrics statements="11" coveredstatements="9" conditionals="8" coveredconditionals="5" methods="4" coveredmethods="2"/>
        <line num="14" count="3" type="stmt"/>
        <line num="15" count="3" type="stmt"/>
        <line num="16" count="3" type="stmt"/>
        <line num="18" count="3" type="stmt"/>
        <line num="19" count="1" type="stmt"/>
        <line num="20" count="1" type="stmt"/>
        <line num="24" count="1" type="stmt"/>
        <line num="25" count="1" type="stmt"/>
        <line num="29" count="3" type="stmt"/>
        <line num="35" count="0" type="stmt"/>
        <line num="57" count="0" type="stmt"/>
      </file>
      <file name="ForbiddenPage.tsx" path="E:\Tareas\Cuarto Cuatrimestre\Metodología y Gestion\Parcial 2\active-trace\frontend\src\shared\components\ForbiddenPage.tsx">
        <metrics statements="1" coveredstatements="1" conditionals="0" coveredconditionals="0" methods="1" coveredmethods="1"/>
        <line num="7" count="2" type="stmt"/>
      </file>
      <file name="ProtectedRoute.tsx" path="E:\Tareas\Cuarto Cuatrimestre\Metodología y Gestion\Parcial 2\active-trace\frontend\src\shared\components\ProtectedRoute.tsx">
        <metrics statements="10" coveredstatements="9" conditionals="10" coveredconditionals="9" methods="1" coveredmethods="1"/>
        <line num="18" count="4" type="stmt"/>
        <line num="19" count="4" type="stmt"/>
        <line num="23" count="4" type="cond" truecount="2" falsecount="0"/>
        <line num="26" count="4" type="cond" truecount="2" falsecount="0"/>
        <line num="27" count="2" type="stmt"/>
        <line num="30" count="2" type="cond" truecount="2" falsecount="0"/>
        <line num="31" count="1" type="stmt"/>
        <line num="40" count="1" type="cond" truecount="3" falsecount="1"/>
        <line num="41" count="1" type="stmt"/>
        <line num="44" count="0" type="stmt"/>
      </file>
      <file name="Sidebar.tsx" path="E:\Tareas\Cuarto Cuatrimestre\Metodología y Gestion\Parcial 2\active-trace\frontend\src\shared\components\Sidebar.tsx">
        <metrics statements="7" coveredstatements="6" conditionals="6" coveredconditionals="4" methods="4" coveredmethods="4"/>
        <line num="17" count="1" type="stmt"/>
        <line num="31" count="3" type="stmt"/>
        <line num="32" count="3" type="cond" truecount="1" falsecount="1"/>
        <line num="33" count="0" type="stmt"/>
        <line num="36" count="3" type="stmt"/>
        <line num="46" count="3" type="stmt"/>
        <line num="51" count="3" type="stmt"/>
      </file>
      <file name="Spinner.tsx" path="E:\Tareas\Cuarto Cuatrimestre\Metodología y Gestion\Parcial 2\active-trace\frontend\src\shared\components\Spinner.tsx">
        <metrics statements="1" coveredstatements="1" conditionals="1" coveredconditionals="1" methods="1" coveredmethods="1"/>
        <line num="5" count="2" type="stmt"/>
      </file>
    </package>
    <package name="shared.context">
      <metrics statements="34" coveredstatements="32" conditionals="6" coveredconditionals="4" methods="12" coveredmethods="11"/>
      <file name="AuthContext.tsx" path="E:\Tareas\Cuarto Cuatrimestre\Metodología y Gestion\Parcial 2\active-trace\frontend\src\shared\context\AuthContext.tsx">
        <metrics statements="34" coveredstatements="32" conditionals="6" coveredconditionals="4" methods="12" coveredmethods="11"/>
        <line num="55" count="7" type="stmt"/>
        <line num="59" count="43" type="stmt"/>
        <line num="60" count="43" type="stmt"/>
        <line num="61" count="43" type="stmt"/>
        <line num="62" count="43" type="stmt"/>
        <line num="64" count="43" type="stmt"/>
        <line num="65" count="7" type="stmt"/>
        <line num="66" count="7" type="stmt"/>
        <line num="67" count="7" type="stmt"/>
        <line num="69" count="7" type="stmt"/>
        <line num="72" count="43" type="stmt"/>
        <line num="73" count="3" type="stmt"/>
        <line num="74" count="3" type="stmt"/>
        <line num="75" count="3" type="stmt"/>
        <line num="76" count="3" type="stmt"/>
        <line num="79" count="43" type="stmt"/>
        <line num="80" count="1" type="stmt"/>
        <line num="84" count="43" type="stmt"/>
        <line num="85" count="17" type="stmt"/>
        <line num="87" count="17" type="stmt"/>
        <line num="90" count="2" type="cond" truecount="1" falsecount="1"/>
        <line num="91" count="2" type="stmt"/>
        <line num="95" count="2" type="stmt"/>
        <line num="101" count="17" type="cond" truecount="1" falsecount="1"/>
        <line num="104" count="17" type="stmt"/>
        <line num="105" count="17" type="stmt"/>
        <line num="110" count="43" type="stmt"/>
        <line num="111" count="17" type="stmt"/>
        <line num="112" count="0" type="stmt"/>
        <line num="113" count="0" type="stmt"/>
        <line num="115" count="17" type="stmt"/>
        <line num="116" count="17" type="stmt"/>
        <line num="120" count="43" type="stmt"/>
        <line num="131" count="43" type="stmt"/>
      </file>
    </package>
    <package name="shared.hooks">
      <metrics statements="7" coveredstatements="7" conditionals="4" coveredconditionals="4" methods="2" coveredmethods="2"/>
      <file name="useAuth.ts" path="E:\Tareas\Cuarto Cuatrimestre\Metodología y Gestion\Parcial 2\active-trace\frontend\src\shared\hooks\useAuth.ts">
        <metrics statements="4" coveredstatements="4" conditionals="2" coveredconditionals="2" methods="1" coveredmethods="1"/>
        <line num="8" count="69" type="stmt"/>
        <line num="9" count="69" type="cond" truecount="2" falsecount="0"/>
        <line num="10" count="2" type="stmt"/>
        <line num="12" count="66" type="stmt"/>
      </file>
      <file name="usePermission.ts" path="E:\Tareas\Cuarto Cuatrimestre\Metodología y Gestion\Parcial 2\active-trace\frontend\src\shared\hooks\usePermission.ts">
        <metrics statements="3" coveredstatements="3" conditionals="2" coveredconditionals="2" methods="1" coveredmethods="1"/>
        <line num="8" count="14" type="stmt"/>
        <line num="9" count="14" type="cond" truecount="2" falsecount="0"/>
        <line num="10" count="4" type="stmt"/>
      </file>
    </package>
    <package name="shared.services">
      <metrics statements="53" coveredstatements="51" conditionals="19" coveredconditionals="18" methods="10" coveredmethods="10"/>
      <file name="api.ts" path="E:\Tareas\Cuarto Cuatrimestre\Metodología y Gestion\Parcial 2\active-trace\frontend\src\shared\services\api.ts">
        <metrics statements="53" coveredstatements="51" conditionals="19" coveredconditionals="18" methods="10" coveredmethods="10"/>
        <line num="18" count="3" type="cond" truecount="2" falsecount="0"/>
        <line num="19" count="3" type="stmt"/>
        <line num="24" count="15" type="stmt"/>
        <line num="27" count="8" type="stmt"/>
        <line num="31" count="26" type="stmt"/>
        <line num="36" count="15" type="stmt"/>
        <line num="39" count="5" type="stmt"/>
        <line num="48" count="15" type="stmt"/>
        <line num="49" count="15" type="stmt"/>
        <line num="52" count="4" type="cond" truecount="2" falsecount="0"/>
        <line num="53" count="1" type="stmt"/>
        <line num="54" count="0" type="stmt"/>
        <line num="57" count="3" type="stmt"/>
        <line num="58" count="2" type="stmt"/>
        <line num="61" count="4" type="stmt"/>
        <line num="65" count="15" type="stmt"/>
        <line num="71" count="15" type="stmt"/>
        <line num="72" count="19" type="stmt"/>
        <line num="73" count="19" type="cond" truecount="2" falsecount="0"/>
        <line num="74" count="6" type="stmt"/>
        <line num="76" count="19" type="stmt"/>
        <line num="80" count="15" type="stmt"/>
        <line num="81" count="10" type="stmt"/>
        <line num="83" count="9" type="stmt"/>
        <line num="87" count="9" type="cond" truecount="1" falsecount="1"/>
        <line num="88" count="0" type="stmt"/>
        <line num="92" count="9" type="cond" truecount="2" falsecount="0"/>
        <line num="93" count="1" type="stmt"/>
        <line num="97" count="8" type="cond" truecount="4" falsecount="0"/>
        <line num="99" count="7" type="cond" truecount="2" falsecount="0"/>
        <line num="100" count="1" type="stmt"/>
        <line num="101" count="1" type="stmt"/>
        <line num="102" count="1" type="stmt"/>
        <line num="106" count="6" type="cond" truecount="2" falsecount="0"/>
        <line num="107" count="2" type="stmt"/>
        <line num="108" count="2" type="stmt"/>
        <line num="110" count="2" type="stmt"/>
        <line num="111" count="2" type="stmt"/>
        <line num="116" count="4" type="stmt"/>
        <line num="117" count="4" type="stmt"/>
        <line num="119" count="4" type="stmt"/>
        <line num="120" count="4" type="stmt"/>
        <line num="121" count="3" type="stmt"/>
        <line num="122" count="3" type="stmt"/>
        <line num="123" count="3" type="stmt"/>
        <line num="125" count="3" type="stmt"/>
        <line num="126" count="3" type="stmt"/>
        <line num="128" count="1" type="stmt"/>
        <line num="129" count="1" type="stmt"/>
        <line num="130" count="1" type="stmt"/>
        <line num="131" count="1" type="stmt"/>
        <line num="133" count="4" type="stmt"/>
        <line num="137" count="1" type="stmt"/>
      </file>
    </package>
  </project>
</coverage>
