{"E:\\Tareas\\Cuarto Cuatrimestre\\Metodología y Gestion\\Parcial 2\\active-trace\\frontend\\src\\features\\auth\\components\\LoginForm.tsx": {"path":"E:\\Tareas\\Cuarto Cuatrimestre\\Metodología y Gestion\\Parcial 2\\active-trace\\frontend\\src\\features\\auth\\components\\LoginForm.tsx","statementMap":{"0":{"start":{"line":12,"column":20},"end":{"line":20,"column":null}},"1":{"start":{"line":25,"column":37},"end":{"line":25,"column":null}},"2":{"start":{"line":30,"column":17},"end":{"line":33,"column":null}},"3":{"start":{"line":35,"column":8},"end":{"line":37,"column":null}},"4":{"start":{"line":36,"column":4},"end":{"line":36,"column":null}},"5":{"start":{"line":39,"column":2},"end":{"line":110,"column":null}}},"fnMap":{"0":{"name":"LoginForm","decl":{"start":{"line":24,"column":16},"end":{"line":24,"column":28}},"loc":{"start":{"line":24,"column":28},"end":{"line":112,"column":null}},"line":24},"1":{"name":"(anonymous_1)","decl":{"start":{"line":35,"column":8},"end":{"line":35,"column":20}},"loc":{"start":{"line":35,"column":43},"end":{"line":37,"column":null}},"line":35}},"branchMap":{"0":{"loc":{"start":{"line":57,"column":9},"end":{"line":58,"column":null}},"type":"binary-expr","locations":[{"start":{"line":57,"column":9},"end":{"line":57,"column":null}},{"start":{"line":58,"column":10},"end":{"line":58,"column":null}}],"line":57},"1":{"loc":{"start":{"line":78,"column":9},"end":{"line":81,"column":null}},"type":"binary-expr","locations":[{"start":{"line":78,"column":9},"end":{"line":78,"column":null}},{"start":{"line":79,"column":10},"end":{"line":81,"column":null}}],"line":78},"2":{"loc":{"start":{"line":86,"column":7},"end":{"line":89,"column":null}},"type":"binary-expr","locations":[{"start":{"line":86,"column":7},"end":{"line":86,"column":null}},{"start":{"line":87,"column":8},"end":{"line":89,"column":null}}],"line":86},"3":{"loc":{"start":{"line":98,"column":9},"end":{"line":98,"column":null}},"type":"cond-expr","locations":[{"start":{"line":98,"column":21},"end":{"line":98,"column":39}},{"start":{"line":98,"column":39},"end":{"line":98,"column":null}}],"line":98}},"s":{"0":1,"1":11,"2":11,"3":11,"4":2,"5":11},"f":{"0":11,"1":2},"b":{"0":[11,0],"1":[11,0],"2":[11,1],"3":[0,11]},"meta":{"lastBranch":4,"lastFunction":2,"lastStatement":6,"seen":{"s:12:20:20:Infinity":0,"f:24:16:24:28":0,"s:25:37:25:Infinity":1,"s:30:17:33:Infinity":2,"s:35:8:37:Infinity":3,"f:35:8:35:20":1,"s:36:4:36:Infinity":4,"s:39:2:110:Infinity":5,"b:57:9:57:Infinity:58:10:58:Infinity":0,"b:78:9:78:Infinity:79:10:81:Infinity":1,"b:86:7:86:Infinity:87:8:89:Infinity":2,"b:98:21:98:39:98:39:98:Infinity":3},"fnNames":{}}}
,"E:\\Tareas\\Cuarto Cuatrimestre\\Metodología y Gestion\\Parcial 2\\active-trace\\frontend\\src\\features\\auth\\components\\RecoveryForm.tsx": {"path":"E:\\Tareas\\Cuarto Cuatrimestre\\Metodología y Gestion\\Parcial 2\\active-trace\\frontend\\src\\features\\auth\\components\\RecoveryForm.tsx","statementMap":{"0":{"start":{"line":12,"column":23},"end":{"line":17,"column":null}},"1":{"start":{"line":22,"column":17},"end":{"line":22,"column":null}},"2":{"start":{"line":23,"column":20},"end":{"line":23,"column":null}},"3":{"start":{"line":24,"column":22},"end":{"line":24,"column":null}},"4":{"start":{"line":29,"column":17},"end":{"line":32,"column":null}},"5":{"start":{"line":34,"column":19},"end":{"line":50,"column":null}},"6":{"start":{"line":35,"column":4},"end":{"line":35,"column":null}},"7":{"start":{"line":36,"column":4},"end":{"line":36,"column":null}},"8":{"start":{"line":38,"column":4},"end":{"line":49,"column":null}},"9":{"start":{"line":39,"column":6},"end":{"line":39,"column":null}},"10":{"start":{"line":40,"column":6},"end":{"line":40,"column":null}},"11":{"start":{"line":42,"column":6},"end":{"line":46,"column":null}},"12":{"start":{"line":43,"column":8},"end":{"line":43,"column":null}},"13":{"start":{"line":45,"column":8},"end":{"line":45,"column":null}},"14":{"start":{"line":48,"column":6},"end":{"line":48,"column":null}},"15":{"start":{"line":52,"column":2},"end":{"line":67,"column":null}},"16":{"start":{"line":53,"column":4},"end":{"line":65,"column":null}},"17":{"start":{"line":69,"column":2},"end":{"line":118,"column":null}}},"fnMap":{"0":{"name":"RecoveryForm","decl":{"start":{"line":21,"column":16},"end":{"line":21,"column":31}},"loc":{"start":{"line":21,"column":31},"end":{"line":120,"column":null}},"line":21},"1":{"name":"(anonymous_1)","decl":{"start":{"line":34,"column":19},"end":{"line":34,"column":26}},"loc":{"start":{"line":34,"column":53},"end":{"line":50,"column":null}},"line":34}},"branchMap":{"0":{"loc":{"start":{"line":42,"column":6},"end":{"line":46,"column":null}},"type":"if","locations":[{"start":{"line":42,"column":6},"end":{"line":46,"column":null}},{"start":{"line":44,"column":13},"end":{"line":46,"column":null}}],"line":42},"1":{"loc":{"start":{"line":52,"column":2},"end":{"line":67,"column":null}},"type":"if","locations":[{"start":{"line":52,"column":2},"end":{"line":67,"column":null}},{"start":{},"end":{}}],"line":52},"2":{"loc":{"start":{"line":91,"column":9},"end":{"line":92,"column":null}},"type":"binary-expr","locations":[{"start":{"line":91,"column":9},"end":{"line":91,"column":null}},{"start":{"line":92,"column":10},"end":{"line":92,"column":null}}],"line":91},"3":{"loc":{"start":{"line":96,"column":7},"end":{"line":99,"column":null}},"type":"binary-expr","locations":[{"start":{"line":96,"column":7},"end":{"line":96,"column":null}},{"start":{"line":97,"column":8},"end":{"line":99,"column":null}}],"line":96},"4":{"loc":{"start":{"line":107,"column":9},"end":{"line":107,"column":null}},"type":"cond-expr","locations":[{"start":{"line":107,"column":21},"end":{"line":107,"column":37}},{"start":{"line":107,"column":37},"end":{"line":107,"column":null}}],"line":107}},"s":{"0":2,"1":10,"2":10,"3":10,"4":10,"5":10,"6":2,"7":2,"8":2,"9":2,"10":1,"11":1,"12":1,"13":0,"14":2,"15":10,"16":1,"17":9},"f":{"0":10,"1":2},"b":{"0":[1,0],"1":[1,9],"2":[9,0],"3":[10,1],"4":[0,9]},"meta":{"lastBranch":5,"lastFunction":2,"lastStatement":18,"seen":{"s:12:23:17:Infinity":0,"f:21:16:21:31":0,"s:22:17:22:Infinity":1,"s:23:20:23:Infinity":2,"s:24:22:24:Infinity":3,"s:29:17:32:Infinity":4,"s:34:19:50:Infinity":5,"f:34:19:34:26":1,"s:35:4:35:Infinity":6,"s:36:4:36:Infinity":7,"s:38:4:49:Infinity":8,"s:39:6:39:Infinity":9,"s:40:6:40:Infinity":10,"b:42:6:46:Infinity:44:13:46:Infinity":0,"s:42:6:46:Infinity":11,"s:43:8:43:Infinity":12,"s:45:8:45:Infinity":13,"s:48:6:48:Infinity":14,"b:52:2:67:Infinity:undefined:undefined:undefined:undefined":1,"s:52:2:67:Infinity":15,"s:53:4:65:Infinity":16,"s:69:2:118:Infinity":17,"b:91:9:91:Infinity:92:10:92:Infinity":2,"b:96:7:96:Infinity:97:8:99:Infinity":3,"b:107:21:107:37:107:37:107:Infinity":4},"fnNames":{}}}
,"E:\\Tareas\\Cuarto Cuatrimestre\\Metodología y Gestion\\Parcial 2\\active-trace\\frontend\\src\\features\\auth\\components\\ResetForm.tsx": {"path":"E:\\Tareas\\Cuarto Cuatrimestre\\Metodología y Gestion\\Parcial 2\\active-trace\\frontend\\src\\features\\auth\\components\\ResetForm.tsx","statementMap":{"0":{"start":{"line":13,"column":20},"end":{"line":25,"column":null}},"1":{"start":{"line":22,"column":20},"end":{"line":22,"column":61}},"2":{"start":{"line":30,"column":9},"end":{"line":30,"column":null}},"3":{"start":{"line":31,"column":16},"end":{"line":31,"column":null}},"4":{"start":{"line":32,"column":8},"end":{"line":32,"column":null}},"5":{"start":{"line":34,"column":20},"end":{"line":34,"column":null}},"6":{"start":{"line":35,"column":22},"end":{"line":35,"column":null}},"7":{"start":{"line":40,"column":17},"end":{"line":43,"column":null}},"8":{"start":{"line":45,"column":19},"end":{"line":70,"column":null}},"9":{"start":{"line":46,"column":4},"end":{"line":49,"column":null}},"10":{"start":{"line":47,"column":6},"end":{"line":47,"column":null}},"11":{"start":{"line":48,"column":6},"end":{"line":48,"column":null}},"12":{"start":{"line":51,"column":4},"end":{"line":51,"column":null}},"13":{"start":{"line":52,"column":4},"end":{"line":52,"column":null}},"14":{"start":{"line":54,"column":4},"end":{"line":69,"column":null}},"15":{"start":{"line":55,"column":6},"end":{"line":59,"column":null}},"16":{"start":{"line":60,"column":6},"end":{"line":60,"column":null}},"17":{"start":{"line":62,"column":6},"end":{"line":66,"column":null}},"18":{"start":{"line":63,"column":8},"end":{"line":63,"column":null}},"19":{"start":{"line":65,"column":8},"end":{"line":65,"column":null}},"20":{"start":{"line":68,"column":6},"end":{"line":68,"column":null}},"21":{"start":{"line":72,"column":2},"end":{"line":87,"column":null}},"22":{"start":{"line":73,"column":4},"end":{"line":85,"column":null}},"23":{"start":{"line":89,"column":2},"end":{"line":146,"column":null}}},"fnMap":{"0":{"name":"(anonymous_0)","decl":{"start":{"line":22,"column":3},"end":{"line":22,"column":11}},"loc":{"start":{"line":22,"column":20},"end":{"line":22,"column":61}},"line":22},"1":{"name":"ResetForm","decl":{"start":{"line":29,"column":16},"end":{"line":29,"column":28}},"loc":{"start":{"line":29,"column":28},"end":{"line":148,"column":null}},"line":29},"2":{"name":"(anonymous_2)","decl":{"start":{"line":45,"column":19},"end":{"line":45,"column":26}},"loc":{"start":{"line":45,"column":50},"end":{"line":70,"column":null}},"line":45}},"branchMap":{"0":{"loc":{"start":{"line":46,"column":4},"end":{"line":49,"column":null}},"type":"if","locations":[{"start":{"line":46,"column":4},"end":{"line":49,"column":null}},{"start":{},"end":{}}],"line":46},"1":{"loc":{"start":{"line":62,"column":6},"end":{"line":66,"column":null}},"type":"if","locations":[{"start":{"line":62,"column":6},"end":{"line":66,"column":null}},{"start":{"line":64,"column":13},"end":{"line":66,"column":null}}],"line":62},"2":{"loc":{"start":{"line":72,"column":2},"end":{"line":87,"column":null}},"type":"if","locations":[{"start":{"line":72,"column":2},"end":{"line":87,"column":null}},{"start":{},"end":{}}],"line":72},"3":{"loc":{"start":{"line":105,"column":9},"end":{"line":108,"column":null}},"type":"binary-expr","locations":[{"start":{"line":105,"column":9},"end":{"line":105,"column":null}},{"start":{"line":106,"column":10},"end":{"line":108,"column":null}}],"line":105},"4":{"loc":{"start":{"line":126,"column":9},"end":{"line":129,"column":null}},"type":"binary-expr","locations":[{"start":{"line":126,"column":9},"end":{"line":126,"column":null}},{"start":{"line":127,"column":10},"end":{"line":129,"column":null}}],"line":126},"5":{"loc":{"start":{"line":133,"column":7},"end":{"line":136,"column":null}},"type":"binary-expr","locations":[{"start":{"line":133,"column":7},"end":{"line":133,"column":null}},{"start":{"line":134,"column":8},"end":{"line":136,"column":null}}],"line":133},"6":{"loc":{"start":{"line":144,"column":9},"end":{"line":144,"column":null}},"type":"cond-expr","locations":[{"start":{"line":144,"column":21},"end":{"line":144,"column":43}},{"start":{"line":144,"column":43},"end":{"line":144,"column":null}}],"line":144}},"s":{"0":2,"1":2,"2":12,"3":12,"4":12,"5":12,"6":12,"7":12,"8":12,"9":2,"10":0,"11":0,"12":2,"13":2,"14":2,"15":2,"16":1,"17":1,"18":1,"19":0,"20":2,"21":12,"22":2,"23":10},"f":{"0":2,"1":12,"2":2},"b":{"0":[0,2],"1":[1,0],"2":[2,10],"3":[10,0],"4":[12,0],"5":[12,1],"6":[0,10]},"meta":{"lastBranch":7,"lastFunction":3,"lastStatement":24,"seen":{"s:13:20:25:Infinity":0,"f:22:3:22:11":0,"s:22:20:22:61":1,"f:29:16:29:28":1,"s:30:9:30:Infinity":2,"s:31:16:31:Infinity":3,"s:32:8:32:Infinity":4,"s:34:20:34:Infinity":5,"s:35:22:35:Infinity":6,"s:40:17:43:Infinity":7,"s:45:19:70:Infinity":8,"f:45:19:45:26":2,"b:46:4:49:Infinity:undefined:undefined:undefined:undefined":0,"s:46:4:49:Infinity":9,"s:47:6:47:Infinity":10,"s:48:6:48:Infinity":11,"s:51:4:51:Infinity":12,"s:52:4:52:Infinity":13,"s:54:4:69:Infinity":14,"s:55:6:59:Infinity":15,"s:60:6:60:Infinity":16,"b:62:6:66:Infinity:64:13:66:Infinity":1,"s:62:6:66:Infinity":17,"s:63:8:63:Infinity":18,"s:65:8:65:Infinity":19,"s:68:6:68:Infinity":20,"b:72:2:87:Infinity:undefined:undefined:undefined:undefined":2,"s:72:2:87:Infinity":21,"s:73:4:85:Infinity":22,"s:89:2:146:Infinity":23,"b:105:9:105:Infinity:106:10:108:Infinity":3,"b:126:9:126:Infinity:127:10:129:Infinity":4,"b:133:7:133:Infinity:134:8:136:Infinity":5,"b:144:21:144:43:144:43:144:Infinity":6},"fnNames":{}}}
,"E:\\Tareas\\Cuarto Cuatrimestre\\Metodología y Gestion\\Parcial 2\\active-trace\\frontend\\src\\features\\auth\\components\\TwoFAGate.tsx": {"path":"E:\\Tareas\\Cuarto Cuatrimestre\\Metodología y Gestion\\Parcial 2\\active-trace\\frontend\\src\\features\\auth\\components\\TwoFAGate.tsx","statementMap":{"0":{"start":{"line":12,"column":15},"end":{"line":12,"column":null}},"1":{"start":{"line":13,"column":16},"end":{"line":13,"column":null}},"2":{"start":{"line":14,"column":20},"end":{"line":14,"column":null}},"3":{"start":{"line":15,"column":10},"end":{"line":15,"column":null}},"4":{"start":{"line":16,"column":8},"end":{"line":16,"column":null}},"5":{"start":{"line":18,"column":22},"end":{"line":18,"column":null}},"6":{"start":{"line":20,"column":23},"end":{"line":44,"column":null}},"7":{"start":{"line":21,"column":4},"end":{"line":21,"column":null}},"8":{"start":{"line":23,"column":4},"end":{"line":26,"column":null}},"9":{"start":{"line":24,"column":6},"end":{"line":24,"column":null}},"10":{"start":{"line":25,"column":6},"end":{"line":25,"column":null}},"11":{"start":{"line":28,"column":4},"end":{"line":28,"column":null}},"12":{"start":{"line":29,"column":4},"end":{"line":29,"column":null}},"13":{"start":{"line":31,"column":4},"end":{"line":43,"column":null}},"14":{"start":{"line":32,"column":23},"end":{"line":32,"column":null}},"15":{"start":{"line":33,"column":6},"end":{"line":33,"column":null}},"16":{"start":{"line":34,"column":6},"end":{"line":34,"column":null}},"17":{"start":{"line":36,"column":6},"end":{"line":40,"column":null}},"18":{"start":{"line":37,"column":8},"end":{"line":37,"column":null}},"19":{"start":{"line":39,"column":8},"end":{"line":39,"column":null}},"20":{"start":{"line":42,"column":6},"end":{"line":42,"column":null}},"21":{"start":{"line":46,"column":2},"end":{"line":85,"column":null}},"22":{"start":{"line":67,"column":27},"end":{"line":67,"column":null}},"23":{"start":{"line":68,"column":12},"end":{"line":68,"column":null}}},"fnMap":{"0":{"name":"TwoFAGate","decl":{"start":{"line":11,"column":16},"end":{"line":11,"column":28}},"loc":{"start":{"line":11,"column":28},"end":{"line":87,"column":null}},"line":11},"1":{"name":"(anonymous_1)","decl":{"start":{"line":20,"column":23},"end":{"line":20,"column":30}},"loc":{"start":{"line":20,"column":53},"end":{"line":44,"column":null}},"line":20},"2":{"name":"(anonymous_2)","decl":{"start":{"line":66,"column":10},"end":{"line":66,"column":21}},"loc":{"start":{"line":66,"column":27},"end":{"line":69,"column":null}},"line":66}},"branchMap":{"0":{"loc":{"start":{"line":23,"column":4},"end":{"line":26,"column":null}},"type":"if","locations":[{"start":{"line":23,"column":4},"end":{"line":26,"column":null}},{"start":{},"end":{}}],"line":23},"1":{"loc":{"start":{"line":36,"column":6},"end":{"line":40,"column":null}},"type":"if","locations":[{"start":{"line":36,"column":6},"end":{"line":40,"column":null}},{"start":{"line":38,"column":13},"end":{"line":40,"column":null}}],"line":36},"2":{"loc":{"start":{"line":73,"column":9},"end":{"line":74,"column":null}},"type":"binary-expr","locations":[{"start":{"line":73,"column":9},"end":{"line":73,"column":null}},{"start":{"line":74,"column":10},"end":{"line":74,"column":null}}],"line":73},"3":{"loc":{"start":{"line":80,"column":18},"end":{"line":80,"column":null}},"type":"binary-expr","locations":[{"start":{"line":80,"column":18},"end":{"line":80,"column":31}},{"start":{"line":80,"column":31},"end":{"line":80,"column":null}}],"line":80},"4":{"loc":{"start":{"line":83,"column":9},"end":{"line":83,"column":null}},"type":"cond-expr","locations":[{"start":{"line":83,"column":21},"end":{"line":83,"column":40}},{"start":{"line":83,"column":40},"end":{"line":83,"column":null}}],"line":83}},"s":{"0":4,"1":4,"2":4,"3":4,"4":4,"5":4,"6":4,"7":0,"8":0,"9":0,"10":0,"11":0,"12":0,"13":0,"14":0,"15":0,"16":0,"17":0,"18":0,"19":0,"20":0,"21":4,"22":0,"23":0},"f":{"0":4,"1":0,"2":0},"b":{"0":[0,0],"1":[0,0],"2":[4,0],"3":[4,4],"4":[0,4]},"meta":{"lastBranch":5,"lastFunction":3,"lastStatement":24,"seen":{"f:11:16:11:28":0,"s:12:15:12:Infinity":0,"s:13:16:13:Infinity":1,"s:14:20:14:Infinity":2,"s:15:10:15:Infinity":3,"s:16:8:16:Infinity":4,"s:18:22:18:Infinity":5,"s:20:23:44:Infinity":6,"f:20:23:20:30":1,"s:21:4:21:Infinity":7,"b:23:4:26:Infinity:undefined:undefined:undefined:undefined":0,"s:23:4:26:Infinity":8,"s:24:6:24:Infinity":9,"s:25:6:25:Infinity":10,"s:28:4:28:Infinity":11,"s:29:4:29:Infinity":12,"s:31:4:43:Infinity":13,"s:32:23:32:Infinity":14,"s:33:6:33:Infinity":15,"s:34:6:34:Infinity":16,"b:36:6:40:Infinity:38:13:40:Infinity":1,"s:36:6:40:Infinity":17,"s:37:8:37:Infinity":18,"s:39:8:39:Infinity":19,"s:42:6:42:Infinity":20,"s:46:2:85:Infinity":21,"f:66:10:66:21":2,"s:67:27:67:Infinity":22,"s:68:12:68:Infinity":23,"b:73:9:73:Infinity:74:10:74:Infinity":2,"b:80:18:80:31:80:31:80:Infinity":3,"b:83:21:83:40:83:40:83:Infinity":4},"fnNames":{}}}
,"E:\\Tareas\\Cuarto Cuatrimestre\\Metodología y Gestion\\Parcial 2\\active-trace\\frontend\\src\\features\\auth\\hooks\\useLogin.ts": {"path":"E:\\Tareas\\Cuarto Cuatrimestre\\Metodología y Gestion\\Parcial 2\\active-trace\\frontend\\src\\features\\auth\\hooks\\useLogin.ts","statementMap":{"0":{"start":{"line":15,"column":16},"end":{"line":15,"column":null}},"1":{"start":{"line":16,"column":20},"end":{"line":16,"column":null}},"2":{"start":{"line":17,"column":22},"end":{"line":17,"column":null}},"3":{"start":{"line":18,"column":8},"end":{"line":18,"column":null}},"4":{"start":{"line":19,"column":8},"end":{"line":19,"column":null}},"5":{"start":{"line":21,"column":8},"end":{"line":50,"column":null}},"6":{"start":{"line":23,"column":6},"end":{"line":23,"column":null}},"7":{"start":{"line":24,"column":6},"end":{"line":24,"column":null}},"8":{"start":{"line":26,"column":6},"end":{"line":47,"column":null}},"9":{"start":{"line":27,"column":25},"end":{"line":27,"column":null}},"10":{"start":{"line":29,"column":8},"end":{"line":38,"column":null}},"11":{"start":{"line":31,"column":10},"end":{"line":31,"column":null}},"12":{"start":{"line":32,"column":10},"end":{"line":32,"column":null}},"13":{"start":{"line":34,"column":10},"end":{"line":34,"column":null}},"14":{"start":{"line":36,"column":13},"end":{"line":36,"column":null}},"15":{"start":{"line":37,"column":10},"end":{"line":37,"column":null}},"16":{"start":{"line":40,"column":8},"end":{"line":44,"column":null}},"17":{"start":{"line":41,"column":10},"end":{"line":41,"column":null}},"18":{"start":{"line":43,"column":10},"end":{"line":43,"column":null}},"19":{"start":{"line":46,"column":8},"end":{"line":46,"column":null}},"20":{"start":{"line":52,"column":2},"end":{"line":52,"column":null}}},"fnMap":{"0":{"name":"useLogin","decl":{"start":{"line":14,"column":16},"end":{"line":14,"column":27}},"loc":{"start":{"line":14,"column":27},"end":{"line":53,"column":null}},"line":14},"1":{"name":"(anonymous_1)","decl":{"start":{"line":22,"column":4},"end":{"line":22,"column":11}},"loc":{"start":{"line":22,"column":34},"end":{"line":48,"column":null}},"line":22}},"branchMap":{"0":{"loc":{"start":{"line":29,"column":8},"end":{"line":38,"column":null}},"type":"if","locations":[{"start":{"line":29,"column":8},"end":{"line":38,"column":null}},{"start":{"line":33,"column":15},"end":{"line":38,"column":null}}],"line":29},"1":{"loc":{"start":{"line":36,"column":13},"end":{"line":36,"column":null}},"type":"binary-expr","locations":[{"start":{"line":36,"column":13},"end":{"line":36,"column":67}},{"start":{"line":36,"column":67},"end":{"line":36,"column":null}}],"line":36},"2":{"loc":{"start":{"line":40,"column":8},"end":{"line":44,"column":null}},"type":"if","locations":[{"start":{"line":40,"column":8},"end":{"line":44,"column":null}},{"start":{"line":42,"column":15},"end":{"line":44,"column":null}}],"line":40}},"s":{"0":11,"1":11,"2":11,"3":11,"4":11,"5":11,"6":2,"7":2,"8":2,"9":2,"10":1,"11":0,"12":0,"13":1,"14":1,"15":1,"16":1,"17":1,"18":0,"19":2,"20":11},"f":{"0":11,"1":2},"b":{"0":[0,1],"1":[1,1],"2":[1,0]},"meta":{"lastBranch":3,"lastFunction":2,"lastStatement":21,"seen":{"f:14:16:14:27":0,"s:15:16:15:Infinity":0,"s:16:20:16:Infinity":1,"s:17:22:17:Infinity":2,"s:18:8:18:Infinity":3,"s:19:8:19:Infinity":4,"s:21:8:50:Infinity":5,"f:22:4:22:11":1,"s:23:6:23:Infinity":6,"s:24:6:24:Infinity":7,"s:26:6:47:Infinity":8,"s:27:25:27:Infinity":9,"b:29:8:38:Infinity:33:15:38:Infinity":0,"s:29:8:38:Infinity":10,"s:31:10:31:Infinity":11,"s:32:10:32:Infinity":12,"s:34:10:34:Infinity":13,"s:36:13:36:Infinity":14,"b:36:13:36:67:36:67:36:Infinity":1,"s:37:10:37:Infinity":15,"b:40:8:44:Infinity:42:15:44:Infinity":2,"s:40:8:44:Infinity":16,"s:41:10:41:Infinity":17,"s:43:10:43:Infinity":18,"s:46:8:46:Infinity":19,"s:52:2:52:Infinity":20},"fnNames":{}}}
,"E:\\Tareas\\Cuarto Cuatrimestre\\Metodología y Gestion\\Parcial 2\\active-trace\\frontend\\src\\features\\auth\\pages\\LoginPage.tsx": {"path":"E:\\Tareas\\Cuarto Cuatrimestre\\Metodología y Gestion\\Parcial 2\\active-trace\\frontend\\src\\features\\auth\\pages\\LoginPage.tsx","statementMap":{"0":{"start":{"line":11,"column":10},"end":{"line":11,"column":null}},"1":{"start":{"line":12,"column":8},"end":{"line":12,"column":null}},"2":{"start":{"line":15,"column":5},"end":{"line":15,"column":null}},"3":{"start":{"line":17,"column":2},"end":{"line":54,"column":null}}},"fnMap":{"0":{"name":"LoginPage","decl":{"start":{"line":10,"column":24},"end":{"line":10,"column":36}},"loc":{"start":{"line":10,"column":36},"end":{"line":56,"column":null}},"line":10}},"branchMap":{"0":{"loc":{"start":{"line":15,"column":5},"end":{"line":15,"column":null}},"type":"binary-expr","locations":[{"start":{"line":15,"column":5},"end":{"line":15,"column":59}},{"start":{"line":15,"column":59},"end":{"line":15,"column":null}}],"line":15},"1":{"loc":{"start":{"line":30,"column":11},"end":{"line":43,"column":null}},"type":"cond-expr","locations":[{"start":{"line":31,"column":12},"end":{"line":38,"column":null}},{"start":{"line":38,"column":12},"end":{"line":43,"column":null}}],"line":30},"2":{"loc":{"start":{"line":48,"column":9},"end":{"line":51,"column":null}},"type":"binary-expr","locations":[{"start":{"line":48,"column":9},"end":{"line":48,"column":null}},{"start":{"line":49,"column":10},"end":{"line":51,"column":null}}],"line":48}},"s":{"0":7,"1":7,"2":7,"3":7},"f":{"0":7},"b":{"0":[7,7],"1":[0,7],"2":[7,0]},"meta":{"lastBranch":3,"lastFunction":1,"lastStatement":4,"seen":{"f:10:24:10:36":0,"s:11:10:11:Infinity":0,"s:12:8:12:Infinity":1,"s:15:5:15:Infinity":2,"b:15:5:15:59:15:59:15:Infinity":0,"s:17:2:54:Infinity":3,"b:31:12:38:Infinity:38:12:43:Infinity":1,"b:48:9:48:Infinity:49:10:51:Infinity":2},"fnNames":{}}}
,"E:\\Tareas\\Cuarto Cuatrimestre\\Metodología y Gestion\\Parcial 2\\active-trace\\frontend\\src\\features\\auth\\pages\\RecoveryPage.tsx": {"path":"E:\\Tareas\\Cuarto Cuatrimestre\\Metodología y Gestion\\Parcial 2\\active-trace\\frontend\\src\\features\\auth\\pages\\RecoveryPage.tsx","statementMap":{"0":{"start":{"line":8,"column":2},"end":{"line":25,"column":null}}},"fnMap":{"0":{"name":"RecoveryPage","decl":{"start":{"line":7,"column":24},"end":{"line":7,"column":39}},"loc":{"start":{"line":7,"column":39},"end":{"line":27,"column":null}},"line":7}},"branchMap":{},"s":{"0":1},"f":{"0":1},"b":{},"meta":{"lastBranch":0,"lastFunction":1,"lastStatement":1,"seen":{"f:7:24:7:39":0,"s:8:2:25:Infinity":0},"fnNames":{}}}
,"E:\\Tareas\\Cuarto Cuatrimestre\\Metodología y Gestion\\Parcial 2\\active-trace\\frontend\\src\\features\\auth\\pages\\ResetPage.tsx": {"path":"E:\\Tareas\\Cuarto Cuatrimestre\\Metodología y Gestion\\Parcial 2\\active-trace\\frontend\\src\\features\\auth\\pages\\ResetPage.tsx","statementMap":{"0":{"start":{"line":8,"column":2},"end":{"line":25,"column":null}}},"fnMap":{"0":{"name":"ResetPage","decl":{"start":{"line":7,"column":24},"end":{"line":7,"column":36}},"loc":{"start":{"line":7,"column":36},"end":{"line":27,"column":null}},"line":7}},"branchMap":{},"s":{"0":1},"f":{"0":1},"b":{},"meta":{"lastBranch":0,"lastFunction":1,"lastStatement":1,"seen":{"f:7:24:7:36":0,"s:8:2:25:Infinity":0},"fnNames":{}}}
,"E:\\Tareas\\Cuarto Cuatrimestre\\Metodología y Gestion\\Parcial 2\\active-trace\\frontend\\src\\features\\auth\\services\\authApi.ts": {"path":"E:\\Tareas\\Cuarto Cuatrimestre\\Metodología y Gestion\\Parcial 2\\active-trace\\frontend\\src\\features\\auth\\services\\authApi.ts","statementMap":{"0":{"start":{"line":13,"column":2},"end":{"line":13,"column":null}},"1":{"start":{"line":13,"column":55},"end":{"line":13,"column":61}},"2":{"start":{"line":17,"column":2},"end":{"line":17,"column":null}},"3":{"start":{"line":17,"column":64},"end":{"line":17,"column":70}},"4":{"start":{"line":21,"column":2},"end":{"line":21,"column":null}},"5":{"start":{"line":25,"column":2},"end":{"line":25,"column":null}},"6":{"start":{"line":29,"column":2},"end":{"line":29,"column":null}},"7":{"start":{"line":29,"column":51},"end":{"line":29,"column":57}},"8":{"start":{"line":33,"column":2},"end":{"line":33,"column":null}}},"fnMap":{"0":{"name":"login","decl":{"start":{"line":12,"column":16},"end":{"line":12,"column":22}},"loc":{"start":{"line":12,"column":66},"end":{"line":14,"column":null}},"line":12},"1":{"name":"(anonymous_1)","decl":{"start":{"line":13,"column":43},"end":{"line":13,"column":49}},"loc":{"start":{"line":13,"column":55},"end":{"line":13,"column":61}},"line":13},"2":{"name":"verify2FA","decl":{"start":{"line":16,"column":16},"end":{"line":16,"column":26}},"loc":{"start":{"line":16,"column":64},"end":{"line":18,"column":null}},"line":16},"3":{"name":"(anonymous_3)","decl":{"start":{"line":17,"column":52},"end":{"line":17,"column":58}},"loc":{"start":{"line":17,"column":64},"end":{"line":17,"column":70}},"line":17},"4":{"name":"requestRecovery","decl":{"start":{"line":20,"column":16},"end":{"line":20,"column":32}},"loc":{"start":{"line":20,"column":62},"end":{"line":22,"column":null}},"line":20},"5":{"name":"resetPassword","decl":{"start":{"line":24,"column":16},"end":{"line":24,"column":30}},"loc":{"start":{"line":24,"column":65},"end":{"line":26,"column":null}},"line":24},"6":{"name":"refresh","decl":{"start":{"line":28,"column":16},"end":{"line":28,"column":50}},"loc":{"start":{"line":28,"column":50},"end":{"line":30,"column":null}},"line":28},"7":{"name":"(anonymous_7)","decl":{"start":{"line":29,"column":39},"end":{"line":29,"column":45}},"loc":{"start":{"line":29,"column":51},"end":{"line":29,"column":57}},"line":29},"8":{"name":"logout","decl":{"start":{"line":32,"column":16},"end":{"line":32,"column":40}},"loc":{"start":{"line":32,"column":40},"end":{"line":34,"column":null}},"line":32}},"branchMap":{},"s":{"0":1,"1":1,"2":1,"3":1,"4":1,"5":1,"6":1,"7":1,"8":1},"f":{"0":1,"1":1,"2":1,"3":1,"4":1,"5":1,"6":1,"7":1,"8":1},"b":{},"meta":{"lastBranch":0,"lastFunction":9,"lastStatement":9,"seen":{"f:12:16:12:22":0,"s:13:2:13:Infinity":0,"f:13:43:13:49":1,"s:13:55:13:61":1,"f:16:16:16:26":2,"s:17:2:17:Infinity":2,"f:17:52:17:58":3,"s:17:64:17:70":3,"f:20:16:20:32":4,"s:21:2:21:Infinity":4,"f:24:16:24:30":5,"s:25:2:25:Infinity":5,"f:28:16:28:50":6,"s:29:2:29:Infinity":6,"f:29:39:29:45":7,"s:29:51:29:57":7,"f:32:16:32:40":8,"s:33:2:33:Infinity":8},"fnNames":{}}}
,"E:\\Tareas\\Cuarto Cuatrimestre\\Metodología y Gestion\\Parcial 2\\active-trace\\frontend\\src\\features\\auth\\types\\index.ts": {"path":"E:\\Tareas\\Cuarto Cuatrimestre\\Metodología y Gestion\\Parcial 2\\active-trace\\frontend\\src\\features\\auth\\types\\index.ts","statementMap":{},"fnMap":{},"branchMap":{},"s":{},"f":{},"b":{},"meta":{"lastBranch":0,"lastFunction":0,"lastStatement":0,"seen":{},"fnNames":{}}}
,"E:\\Tareas\\Cuarto Cuatrimestre\\Metodología y Gestion\\Parcial 2\\active-trace\\frontend\\src\\shared\\components\\AppLayout.tsx": {"path":"E:\\Tareas\\Cuarto Cuatrimestre\\Metodología y Gestion\\Parcial 2\\active-trace\\frontend\\src\\shared\\components\\AppLayout.tsx","statementMap":{"0":{"start":{"line":14,"column":22},"end":{"line":14,"column":null}},"1":{"start":{"line":15,"column":24},"end":{"line":15,"column":null}},"2":{"start":{"line":16,"column":8},"end":{"line":16,"column":null}},"3":{"start":{"line":18,"column":23},"end":{"line":27,"column":null}},"4":{"start":{"line":19,"column":4},"end":{"line":26,"column":null}},"5":{"start":{"line":20,"column":6},"end":{"line":20,"column":null}},"6":{"start":{"line":24,"column":6},"end":{"line":24,"column":null}},"7":{"start":{"line":25,"column":6},"end":{"line":25,"column":null}},"8":{"start":{"line":29,"column":2},"end":{"line":107,"column":null}},"9":{"start":{"line":35,"column":25},"end":{"line":35,"column":null}},"10":{"start":{"line":57,"column":27},"end":{"line":57,"column":null}}},"fnMap":{"0":{"name":"AppLayout","decl":{"start":{"line":13,"column":24},"end":{"line":13,"column":36}},"loc":{"start":{"line":13,"column":36},"end":{"line":109,"column":null}},"line":13},"1":{"name":"(anonymous_1)","decl":{"start":{"line":18,"column":23},"end":{"line":18,"column":35}},"loc":{"start":{"line":18,"column":35},"end":{"line":27,"column":null}},"line":18},"2":{"name":"(anonymous_2)","decl":{"start":{"line":35,"column":10},"end":{"line":35,"column":25}},"loc":{"start":{"line":35,"column":25},"end":{"line":35,"column":null}},"line":35},"3":{"name":"(anonymous_3)","decl":{"start":{"line":57,"column":12},"end":{"line":57,"column":27}},"loc":{"start":{"line":57,"column":27},"end":{"line":57,"column":null}},"line":57}},"branchMap":{"0":{"loc":{"start":{"line":32,"column":7},"end":{"line":37,"column":null}},"type":"binary-expr","locations":[{"start":{"line":32,"column":7},"end":{"line":32,"column":null}},{"start":{"line":33,"column":8},"end":{"line":37,"column":null}}],"line":32},"1":{"loc":{"start":{"line":43,"column":10},"end":{"line":43,"column":null}},"type":"cond-expr","locations":[{"start":{"line":43,"column":24},"end":{"line":43,"column":42}},{"start":{"line":43,"column":42},"end":{"line":43,"column":null}}],"line":43},"2":{"loc":{"start":{"line":68,"column":15},"end":{"line":79,"column":null}},"type":"cond-expr","locations":[{"start":{"line":69,"column":16},"end":{"line":75,"column":17}},{"start":{"line":75,"column":16},"end":{"line":79,"column":null}}],"line":68},"3":{"loc":{"start":{"line":90,"column":15},"end":{"line":90,"column":null}},"type":"binary-expr","locations":[{"start":{"line":90,"column":15},"end":{"line":90,"column":42}},{"start":{"line":90,"column":42},"end":{"line":90,"column":null}}],"line":90}},"s":{"0":3,"1":3,"2":3,"3":3,"4":1,"5":1,"6":1,"7":1,"8":3,"9":0,"10":0},"f":{"0":3,"1":1,"2":0,"3":0},"b":{"0":[3,0],"1":[0,3],"2":[0,3],"3":[3,2]},"meta":{"lastBranch":4,"lastFunction":4,"lastStatement":11,"seen":{"f:13:24:13:36":0,"s:14:22:14:Infinity":0,"s:15:24:15:Infinity":1,"s:16:8:16:Infinity":2,"s:18:23:27:Infinity":3,"f:18:23:18:35":1,"s:19:4:26:Infinity":4,"s:20:6:20:Infinity":5,"s:24:6:24:Infinity":6,"s:25:6:25:Infinity":7,"s:29:2:107:Infinity":8,"b:32:7:32:Infinity:33:8:37:Infinity":0,"f:35:10:35:25":2,"s:35:25:35:Infinity":9,"b:43:24:43:42:43:42:43:Infinity":1,"f:57:12:57:27":3,"s:57:27:57:Infinity":10,"b:69:16:75:17:75:16:79:Infinity":2,"b:90:15:90:42:90:42:90:Infinity":3},"fnNames":{}}}
,"E:\\Tareas\\Cuarto Cuatrimestre\\Metodología y Gestion\\Parcial 2\\active-trace\\frontend\\src\\shared\\components\\ForbiddenPage.tsx": {"path":"E:\\Tareas\\Cuarto Cuatrimestre\\Metodología y Gestion\\Parcial 2\\active-trace\\frontend\\src\\shared\\components\\ForbiddenPage.tsx","statementMap":{"0":{"start":{"line":7,"column":2},"end":{"line":24,"column":null}}},"fnMap":{"0":{"name":"ForbiddenPage","decl":{"start":{"line":6,"column":24},"end":{"line":6,"column":40}},"loc":{"start":{"line":6,"column":40},"end":{"line":26,"column":null}},"line":6}},"branchMap":{},"s":{"0":2},"f":{"0":2},"b":{},"meta":{"lastBranch":0,"lastFunction":1,"lastStatement":1,"seen":{"f:6:24:6:40":0,"s:7:2:24:Infinity":0},"fnNames":{}}}
,"E:\\Tareas\\Cuarto Cuatrimestre\\Metodología y Gestion\\Parcial 2\\active-trace\\frontend\\src\\shared\\components\\ProtectedRoute.tsx": {"path":"E:\\Tareas\\Cuarto Cuatrimestre\\Metodología y Gestion\\Parcial 2\\active-trace\\frontend\\src\\shared\\components\\ProtectedRoute.tsx","statementMap":{"0":{"start":{"line":18,"column":27},"end":{"line":18,"column":null}},"1":{"start":{"line":19,"column":8},"end":{"line":19,"column":null}},"2":{"start":{"line":23,"column":24},"end":{"line":23,"column":null}},"3":{"start":{"line":26,"column":2},"end":{"line":28,"column":null}},"4":{"start":{"line":27,"column":4},"end":{"line":27,"column":null}},"5":{"start":{"line":30,"column":2},"end":{"line":38,"column":null}},"6":{"start":{"line":31,"column":4},"end":{"line":36,"column":null}},"7":{"start":{"line":40,"column":2},"end":{"line":42,"column":null}},"8":{"start":{"line":41,"column":4},"end":{"line":41,"column":null}},"9":{"start":{"line":44,"column":2},"end":{"line":44,"column":null}}},"fnMap":{"0":{"name":"ProtectedRoute","decl":{"start":{"line":17,"column":16},"end":{"line":17,"column":31}},"loc":{"start":{"line":17,"column":68},"end":{"line":45,"column":null}},"line":17}},"branchMap":{"0":{"loc":{"start":{"line":23,"column":24},"end":{"line":23,"column":null}},"type":"cond-expr","locations":[{"start":{"line":23,"column":24},"end":{"line":23,"column":65}},{"start":{"line":23,"column":65},"end":{"line":23,"column":null}}],"line":23},"1":{"loc":{"start":{"line":26,"column":2},"end":{"line":28,"column":null}},"type":"if","locations":[{"start":{"line":26,"column":2},"end":{"line":28,"column":null}},{"start":{},"end":{}}],"line":26},"2":{"loc":{"start":{"line":30,"column":2},"end":{"line":38,"column":null}},"type":"if","locations":[{"start":{"line":30,"column":2},"end":{"line":38,"column":null}},{"start":{},"end":{}}],"line":30},"3":{"loc":{"start":{"line":40,"column":2},"end":{"line":42,"column":null}},"type":"if","locations":[{"start":{"line":40,"column":2},"end":{"line":42,"column":null}},{"start":{},"end":{}}],"line":40},"4":{"loc":{"start":{"line":40,"column":6},"end":{"line":40,"column":36}},"type":"binary-expr","locations":[{"start":{"line":40,"column":6},"end":{"line":40,"column":20}},{"start":{"line":40,"column":20},"end":{"line":40,"column":36}}],"line":40}},"s":{"0":4,"1":4,"2":4,"3":4,"4":2,"5":2,"6":1,"7":1,"8":1,"9":0},"f":{"0":4},"b":{"0":[2,2],"1":[2,2],"2":[1,1],"3":[1,0],"4":[1,1]},"meta":{"lastBranch":5,"lastFunction":1,"lastStatement":10,"seen":{"f:17:16:17:31":0,"s:18:27:18:Infinity":0,"s:19:8:19:Infinity":1,"s:23:24:23:Infinity":2,"b:23:24:23:65:23:65:23:Infinity":0,"b:26:2:28:Infinity:undefined:undefined:undefined:undefined":1,"s:26:2:28:Infinity":3,"s:27:4:27:Infinity":4,"b:30:2:38:Infinity:undefined:undefined:undefined:undefined":2,"s:30:2:38:Infinity":5,"s:31:4:36:Infinity":6,"b:40:2:42:Infinity:undefined:undefined:undefined:undefined":3,"s:40:2:42:Infinity":7,"b:40:6:40:20:40:20:40:36":4,"s:41:4:41:Infinity":8,"s:44:2:44:Infinity":9},"fnNames":{}}}
,"E:\\Tareas\\Cuarto Cuatrimestre\\Metodología y Gestion\\Parcial 2\\active-trace\\frontend\\src\\shared\\components\\Sidebar.tsx": {"path":"E:\\Tareas\\Cuarto Cuatrimestre\\Metodología y Gestion\\Parcial 2\\active-trace\\frontend\\src\\shared\\components\\Sidebar.tsx","statementMap":{"0":{"start":{"line":17,"column":36},"end":{"line":28,"column":null}},"1":{"start":{"line":31,"column":23},"end":{"line":34,"column":null}},"2":{"start":{"line":32,"column":4},"end":{"line":32,"column":null}},"3":{"start":{"line":32,"column":26},"end":{"line":32,"column":null}},"4":{"start":{"line":33,"column":4},"end":{"line":33,"column":null}},"5":{"start":{"line":36,"column":2},"end":{"line":78,"column":null}},"6":{"start":{"line":46,"column":10},"end":{"line":75,"column":null}},"7":{"start":{"line":51,"column":14},"end":{"line":54,"column":null}}},"fnMap":{"0":{"name":"Sidebar","decl":{"start":{"line":30,"column":16},"end":{"line":30,"column":26}},"loc":{"start":{"line":30,"column":26},"end":{"line":80,"column":null}},"line":30},"1":{"name":"(anonymous_1)","decl":{"start":{"line":31,"column":36},"end":{"line":31,"column":44}},"loc":{"start":{"line":31,"column":53},"end":{"line":34,"column":3}},"line":31},"2":{"name":"(anonymous_2)","decl":{"start":{"line":45,"column":22},"end":{"line":45,"column":27}},"loc":{"start":{"line":46,"column":10},"end":{"line":75,"column":null}},"line":46},"3":{"name":"(anonymous_3)","decl":{"start":{"line":50,"column":12},"end":{"line":50,"column":24}},"loc":{"start":{"line":51,"column":14},"end":{"line":54,"column":null}},"line":51}},"branchMap":{"0":{"loc":{"start":{"line":32,"column":4},"end":{"line":32,"column":null}},"type":"if","locations":[{"start":{"line":32,"column":4},"end":{"line":32,"column":null}},{"start":{},"end":{}}],"line":32},"1":{"loc":{"start":{"line":52,"column":16},"end":{"line":54,"column":null}},"type":"cond-expr","locations":[{"start":{"line":53,"column":20},"end":{"line":53,"column":null}},{"start":{"line":54,"column":20},"end":{"line":54,"column":null}}],"line":52},"2":{"loc":{"start":{"line":58,"column":13},"end":{"line":74,"column":18}},"type":"binary-expr","locations":[{"start":{"line":58,"column":13},"end":{"line":58,"column":null}},{"start":{"line":59,"column":14},"end":{"line":74,"column":18}}],"line":58}},"s":{"0":1,"1":3,"2":3,"3":3,"4":0,"5":3,"6":3,"7":3},"f":{"0":3,"1":3,"2":3,"3":3},"b":{"0":[3,0],"1":[3,0],"2":[3,3]},"meta":{"lastBranch":3,"lastFunction":4,"lastStatement":8,"seen":{"s:17:36:28:Infinity":0,"f:30:16:30:26":0,"s:31:23:34:Infinity":1,"f:31:36:31:44":1,"b:32:4:32:Infinity:undefined:undefined:undefined:undefined":0,"s:32:4:32:Infinity":2,"s:32:26:32:Infinity":3,"s:33:4:33:Infinity":4,"s:36:2:78:Infinity":5,"f:45:22:45:27":2,"s:46:10:75:Infinity":6,"f:50:12:50:24":3,"s:51:14:54:Infinity":7,"b:53:20:53:Infinity:54:20:54:Infinity":1,"b:58:13:58:Infinity:59:14:74:18":2},"fnNames":{}}}
,"E:\\Tareas\\Cuarto Cuatrimestre\\Metodología y Gestion\\Parcial 2\\active-trace\\frontend\\src\\shared\\components\\Spinner.tsx": {"path":"E:\\Tareas\\Cuarto Cuatrimestre\\Metodología y Gestion\\Parcial 2\\active-trace\\frontend\\src\\shared\\components\\Spinner.tsx","statementMap":{"0":{"start":{"line":5,"column":2},"end":{"line":29,"column":null}}},"fnMap":{"0":{"name":"Spinner","decl":{"start":{"line":4,"column":16},"end":{"line":4,"column":24}},"loc":{"start":{"line":4,"column":68},"end":{"line":31,"column":null}},"line":4}},"branchMap":{"0":{"loc":{"start":{"line":4,"column":26},"end":{"line":4,"column":68}},"type":"default-arg","locations":[{"start":{"line":4,"column":38},"end":{"line":4,"column":68}}],"line":4}},"s":{"0":2},"f":{"0":2},"b":{"0":[2]},"meta":{"lastBranch":1,"lastFunction":1,"lastStatement":1,"seen":{"f:4:16:4:24":0,"b:4:38:4:68":0,"s:5:2:29:Infinity":0},"fnNames":{}}}
,"E:\\Tareas\\Cuarto Cuatrimestre\\Metodología y Gestion\\Parcial 2\\active-trace\\frontend\\src\\shared\\context\\AuthContext.tsx": {"path":"E:\\Tareas\\Cuarto Cuatrimestre\\Metodología y Gestion\\Parcial 2\\active-trace\\frontend\\src\\shared\\context\\AuthContext.tsx","statementMap":{"0":{"start":{"line":55,"column":13},"end":{"line":55,"column":null}},"1":{"start":{"line":59,"column":15},"end":{"line":59,"column":null}},"2":{"start":{"line":60,"column":16},"end":{"line":60,"column":null}},"3":{"start":{"line":61,"column":27},"end":{"line":61,"column":null}},"4":{"start":{"line":62,"column":20},"end":{"line":62,"column":null}},"5":{"start":{"line":64,"column":8},"end":{"line":70,"column":null}},"6":{"start":{"line":65,"column":4},"end":{"line":65,"column":null}},"7":{"start":{"line":66,"column":4},"end":{"line":66,"column":null}},"8":{"start":{"line":67,"column":4},"end":{"line":67,"column":null}},"9":{"start":{"line":69,"column":4},"end":{"line":69,"column":null}},"10":{"start":{"line":72,"column":8},"end":{"line":77,"column":null}},"11":{"start":{"line":73,"column":4},"end":{"line":73,"column":null}},"12":{"start":{"line":74,"column":4},"end":{"line":74,"column":null}},"13":{"start":{"line":75,"column":4},"end":{"line":75,"column":null}},"14":{"start":{"line":76,"column":4},"end":{"line":76,"column":null}},"15":{"start":{"line":79,"column":8},"end":{"line":81,"column":null}},"16":{"start":{"line":80,"column":4},"end":{"line":80,"column":null}},"17":{"start":{"line":84,"column":2},"end":{"line":107,"column":null}},"18":{"start":{"line":85,"column":18},"end":{"line":85,"column":null}},"19":{"start":{"line":87,"column":4},"end":{"line":102,"column":null}},"20":{"start":{"line":90,"column":8},"end":{"line":90,"column":null}},"21":{"start":{"line":90,"column":22},"end":{"line":90,"column":null}},"22":{"start":{"line":91,"column":49},"end":{"line":91,"column":null}},"23":{"start":{"line":95,"column":8},"end":{"line":95,"column":null}},"24":{"start":{"line":101,"column":8},"end":{"line":101,"column":null}},"25":{"start":{"line":101,"column":21},"end":{"line":101,"column":null}},"26":{"start":{"line":104,"column":4},"end":{"line":106,"column":null}},"27":{"start":{"line":105,"column":6},"end":{"line":105,"column":null}},"28":{"start":{"line":110,"column":2},"end":{"line":118,"column":null}},"29":{"start":{"line":111,"column":4},"end":{"line":114,"column":null}},"30":{"start":{"line":112,"column":6},"end":{"line":112,"column":null}},"31":{"start":{"line":113,"column":6},"end":{"line":113,"column":null}},"32":{"start":{"line":115,"column":4},"end":{"line":117,"column":null}},"33":{"start":{"line":116,"column":6},"end":{"line":116,"column":null}},"34":{"start":{"line":120,"column":34},"end":{"line":129,"column":null}},"35":{"start":{"line":131,"column":2},"end":{"line":134,"column":null}}},"fnMap":{"0":{"name":"AuthProvider","decl":{"start":{"line":58,"column":16},"end":{"line":58,"column":29}},"loc":{"start":{"line":58,"column":68},"end":{"line":136,"column":null}},"line":58},"1":{"name":"(anonymous_1)","decl":{"start":{"line":64,"column":21},"end":{"line":64,"column":34}},"loc":{"start":{"line":64,"column":74},"end":{"line":70,"column":5}},"line":64},"2":{"name":"(anonymous_2)","decl":{"start":{"line":72,"column":23},"end":{"line":72,"column":41}},"loc":{"start":{"line":72,"column":41},"end":{"line":77,"column":5}},"line":72},"3":{"name":"(anonymous_3)","decl":{"start":{"line":79,"column":30},"end":{"line":79,"column":43}},"loc":{"start":{"line":79,"column":62},"end":{"line":81,"column":5}},"line":79},"4":{"name":"(anonymous_4)","decl":{"start":{"line":84,"column":2},"end":{"line":84,"column":18}},"loc":{"start":{"line":84,"column":18},"end":{"line":107,"column":5}},"line":84},"5":{"name":"(anonymous_5)","decl":{"start":{"line":89,"column":7},"end":{"line":89,"column":13}},"loc":{"start":{"line":89,"column":26},"end":{"line":96,"column":7}},"line":89},"6":{"name":"(anonymous_6)","decl":{"start":{"line":97,"column":7},"end":{"line":97,"column":19}},"loc":{"start":{"line":97,"column":19},"end":{"line":99,"column":7}},"line":97},"7":{"name":"(anonymous_7)","decl":{"start":{"line":100,"column":7},"end":{"line":100,"column":21}},"loc":{"start":{"line":100,"column":21},"end":{"line":102,"column":7}},"line":100},"8":{"name":"(anonymous_8)","decl":{"start":{"line":104,"column":4},"end":{"line":104,"column":17}},"loc":{"start":{"line":104,"column":17},"end":{"line":106,"column":null}},"line":104},"9":{"name":"(anonymous_9)","decl":{"start":{"line":110,"column":2},"end":{"line":110,"column":18}},"loc":{"start":{"line":110,"column":18},"end":{"line":118,"column":5}},"line":110},"10":{"name":"(anonymous_10)","decl":{"start":{"line":111,"column":4},"end":{"line":111,"column":30}},"loc":{"start":{"line":111,"column":30},"end":{"line":114,"column":5}},"line":111},"11":{"name":"(anonymous_11)","decl":{"start":{"line":115,"column":4},"end":{"line":115,"column":17}},"loc":{"start":{"line":115,"column":17},"end":{"line":117,"column":null}},"line":115}},"branchMap":{"0":{"loc":{"start":{"line":90,"column":8},"end":{"line":90,"column":null}},"type":"if","locations":[{"start":{"line":90,"column":8},"end":{"line":90,"column":null}},{"start":{},"end":{}}],"line":90},"1":{"loc":{"start":{"line":101,"column":8},"end":{"line":101,"column":null}},"type":"if","locations":[{"start":{"line":101,"column":8},"end":{"line":101,"column":null}},{"start":{},"end":{}}],"line":101},"2":{"loc":{"start":{"line":123,"column":21},"end":{"line":123,"column":null}},"type":"binary-expr","locations":[{"start":{"line":123,"column":21},"end":{"line":123,"column":38}},{"start":{"line":123,"column":38},"end":{"line":123,"column":null}}],"line":123}},"s":{"0":7,"1":43,"2":43,"3":43,"4":43,"5":43,"6":7,"7":7,"8":7,"9":7,"10":43,"11":3,"12":3,"13":3,"14":3,"15":43,"16":1,"17":43,"18":17,"19":17,"20":2,"21":0,"22":2,"23":2,"24":17,"25":17,"26":17,"27":17,"28":43,"29":17,"30":0,"31":0,"32":17,"33":17,"34":43,"35":43},"f":{"0":43,"1":7,"2":3,"3":1,"4":17,"5":2,"6":15,"7":17,"8":17,"9":17,"10":0,"11":17},"b":{"0":[0,2],"1":[17,0],"2":[43,7]},"meta":{"lastBranch":3,"lastFunction":12,"lastStatement":36,"seen":{"s:55:13:55:Infinity":0,"f:58:16:58:29":0,"s:59:15:59:Infinity":1,"s:60:16:60:Infinity":2,"s:61:27:61:Infinity":3,"s:62:20:62:Infinity":4,"s:64:8:70:Infinity":5,"f:64:21:64:34":1,"s:65:4:65:Infinity":6,"s:66:4:66:Infinity":7,"s:67:4:67:Infinity":8,"s:69:4:69:Infinity":9,"s:72:8:77:Infinity":10,"f:72:23:72:41":2,"s:73:4:73:Infinity":11,"s:74:4:74:Infinity":12,"s:75:4:75:Infinity":13,"s:76:4:76:Infinity":14,"s:79:8:81:Infinity":15,"f:79:30:79:43":3,"s:80:4:80:Infinity":16,"s:84:2:107:Infinity":17,"f:84:2:84:18":4,"s:85:18:85:Infinity":18,"s:87:4:102:Infinity":19,"f:89:7:89:13":5,"b:90:8:90:Infinity:undefined:undefined:undefined:undefined":0,"s:90:8:90:Infinity":20,"s:90:22:90:Infinity":21,"s:91:49:91:Infinity":22,"s:95:8:95:Infinity":23,"f:97:7:97:19":6,"f:100:7:100:21":7,"b:101:8:101:Infinity:undefined:undefined:undefined:undefined":1,"s:101:8:101:Infinity":24,"s:101:21:101:Infinity":25,"s:104:4:106:Infinity":26,"f:104:4:104:17":8,"s:105:6:105:Infinity":27,"s:110:2:118:Infinity":28,"f:110:2:110:18":9,"s:111:4:114:Infinity":29,"f:111:4:111:30":10,"s:112:6:112:Infinity":30,"s:113:6:113:Infinity":31,"s:115:4:117:Infinity":32,"f:115:4:115:17":11,"s:116:6:116:Infinity":33,"s:120:34:129:Infinity":34,"b:123:21:123:38:123:38:123:Infinity":2,"s:131:2:134:Infinity":35},"fnNames":{}}}
,"E:\\Tareas\\Cuarto Cuatrimestre\\Metodología y Gestion\\Parcial 2\\active-trace\\frontend\\src\\shared\\hooks\\useAuth.ts": {"path":"E:\\Tareas\\Cuarto Cuatrimestre\\Metodología y Gestion\\Parcial 2\\active-trace\\frontend\\src\\shared\\hooks\\useAuth.ts","statementMap":{"0":{"start":{"line":8,"column":8},"end":{"line":8,"column":null}},"1":{"start":{"line":9,"column":2},"end":{"line":11,"column":null}},"2":{"start":{"line":10,"column":4},"end":{"line":10,"column":null}},"3":{"start":{"line":12,"column":2},"end":{"line":12,"column":null}}},"fnMap":{"0":{"name":"useAuth","decl":{"start":{"line":7,"column":16},"end":{"line":7,"column":44}},"loc":{"start":{"line":7,"column":44},"end":{"line":13,"column":null}},"line":7}},"branchMap":{"0":{"loc":{"start":{"line":9,"column":2},"end":{"line":11,"column":null}},"type":"if","locations":[{"start":{"line":9,"column":2},"end":{"line":11,"column":null}},{"start":{},"end":{}}],"line":9}},"s":{"0":69,"1":69,"2":2,"3":66},"f":{"0":69},"b":{"0":[2,67]},"meta":{"lastBranch":1,"lastFunction":1,"lastStatement":4,"seen":{"f:7:16:7:44":0,"s:8:8:8:Infinity":0,"b:9:2:11:Infinity:undefined:undefined:undefined:undefined":0,"s:9:2:11:Infinity":1,"s:10:4:10:Infinity":2,"s:12:2:12:Infinity":3},"fnNames":{}}}
,"E:\\Tareas\\Cuarto Cuatrimestre\\Metodología y Gestion\\Parcial 2\\active-trace\\frontend\\src\\shared\\hooks\\usePermission.ts": {"path":"E:\\Tareas\\Cuarto Cuatrimestre\\Metodología y Gestion\\Parcial 2\\active-trace\\frontend\\src\\shared\\hooks\\usePermission.ts","statementMap":{"0":{"start":{"line":8,"column":10},"end":{"line":8,"column":null}},"1":{"start":{"line":9,"column":2},"end":{"line":9,"column":null}},"2":{"start":{"line":9,"column":13},"end":{"line":9,"column":null}},"3":{"start":{"line":10,"column":2},"end":{"line":10,"column":null}}},"fnMap":{"0":{"name":"usePermission","decl":{"start":{"line":7,"column":16},"end":{"line":7,"column":30}},"loc":{"start":{"line":7,"column":53},"end":{"line":11,"column":null}},"line":7}},"branchMap":{"0":{"loc":{"start":{"line":9,"column":2},"end":{"line":9,"column":null}},"type":"if","locations":[{"start":{"line":9,"column":2},"end":{"line":9,"column":null}},{"start":{},"end":{}}],"line":9}},"s":{"0":14,"1":14,"2":10,"3":4},"f":{"0":14},"b":{"0":[10,4]},"meta":{"lastBranch":1,"lastFunction":1,"lastStatement":4,"seen":{"f:7:16:7:30":0,"s:8:10:8:Infinity":0,"b:9:2:9:Infinity:undefined:undefined:undefined:undefined":0,"s:9:2:9:Infinity":1,"s:9:13:9:Infinity":2,"s:10:2:10:Infinity":3},"fnNames":{}}}
,"E:\\Tareas\\Cuarto Cuatrimestre\\Metodología y Gestion\\Parcial 2\\active-trace\\frontend\\src\\shared\\services\\api.ts": {"path":"E:\\Tareas\\Cuarto Cuatrimestre\\Metodología y Gestion\\Parcial 2\\active-trace\\frontend\\src\\shared\\services\\api.ts","statementMap":{"0":{"start":{"line":18,"column":4},"end":{"line":18,"column":null}},"1":{"start":{"line":19,"column":4},"end":{"line":19,"column":null}},"2":{"start":{"line":24,"column":33},"end":{"line":24,"column":null}},"3":{"start":{"line":27,"column":2},"end":{"line":27,"column":null}},"4":{"start":{"line":31,"column":2},"end":{"line":31,"column":null}},"5":{"start":{"line":36,"column":51},"end":{"line":36,"column":null}},"6":{"start":{"line":39,"column":2},"end":{"line":39,"column":null}},"7":{"start":{"line":48,"column":19},"end":{"line":48,"column":null}},"8":{"start":{"line":49,"column":31},"end":{"line":49,"column":null}},"9":{"start":{"line":52,"column":2},"end":{"line":60,"column":null}},"10":{"start":{"line":53,"column":4},"end":{"line":55,"column":null}},"11":{"start":{"line":54,"column":6},"end":{"line":54,"column":null}},"12":{"start":{"line":57,"column":4},"end":{"line":59,"column":null}},"13":{"start":{"line":58,"column":6},"end":{"line":58,"column":null}},"14":{"start":{"line":61,"column":2},"end":{"line":61,"column":null}},"15":{"start":{"line":65,"column":34},"end":{"line":68,"column":null}},"16":{"start":{"line":71,"column":0},"end":{"line":77,"column":null}},"17":{"start":{"line":72,"column":16},"end":{"line":72,"column":null}},"18":{"start":{"line":73,"column":2},"end":{"line":75,"column":null}},"19":{"start":{"line":74,"column":4},"end":{"line":74,"column":null}},"20":{"start":{"line":76,"column":2},"end":{"line":76,"column":null}},"21":{"start":{"line":80,"column":0},"end":{"line":139,"column":null}},"22":{"start":{"line":81,"column":16},"end":{"line":81,"column":null}},"23":{"start":{"line":83,"column":28},"end":{"line":83,"column":null}},"24":{"start":{"line":87,"column":4},"end":{"line":89,"column":null}},"25":{"start":{"line":88,"column":6},"end":{"line":88,"column":null}},"26":{"start":{"line":92,"column":4},"end":{"line":94,"column":null}},"27":{"start":{"line":93,"column":6},"end":{"line":93,"column":null}},"28":{"start":{"line":97,"column":4},"end":{"line":135,"column":null}},"29":{"start":{"line":99,"column":6},"end":{"line":103,"column":null}},"30":{"start":{"line":100,"column":8},"end":{"line":100,"column":null}},"31":{"start":{"line":101,"column":8},"end":{"line":101,"column":null}},"32":{"start":{"line":102,"column":8},"end":{"line":102,"column":null}},"33":{"start":{"line":106,"column":6},"end":{"line":113,"column":null}},"34":{"start":{"line":107,"column":8},"end":{"line":112,"column":null}},"35":{"start":{"line":108,"column":10},"end":{"line":108,"column":null}},"36":{"start":{"line":110,"column":10},"end":{"line":110,"column":null}},"37":{"start":{"line":111,"column":10},"end":{"line":111,"column":null}},"38":{"start":{"line":116,"column":6},"end":{"line":116,"column":null}},"39":{"start":{"line":117,"column":6},"end":{"line":117,"column":null}},"40":{"start":{"line":119,"column":6},"end":{"line":134,"column":null}},"41":{"start":{"line":120,"column":25},"end":{"line":120,"column":null}},"42":{"start":{"line":121,"column":33},"end":{"line":121,"column":null}},"43":{"start":{"line":122,"column":8},"end":{"line":122,"column":null}},"44":{"start":{"line":123,"column":8},"end":{"line":123,"column":null}},"45":{"start":{"line":125,"column":8},"end":{"line":125,"column":null}},"46":{"start":{"line":126,"column":8},"end":{"line":126,"column":null}},"47":{"start":{"line":128,"column":8},"end":{"line":128,"column":null}},"48":{"start":{"line":129,"column":8},"end":{"line":129,"column":null}},"49":{"start":{"line":130,"column":8},"end":{"line":130,"column":null}},"50":{"start":{"line":131,"column":8},"end":{"line":131,"column":null}},"51":{"start":{"line":133,"column":8},"end":{"line":133,"column":null}},"52":{"start":{"line":137,"column":4},"end":{"line":137,"column":null}}},"fnMap":{"0":{"name":"constructor","decl":{"start":{"line":17,"column":2},"end":{"line":17,"column":14}},"loc":{"start":{"line":17,"column":32},"end":{"line":20,"column":null}},"line":17},"1":{"name":"setAccessToken","decl":{"start":{"line":26,"column":16},"end":{"line":26,"column":31}},"loc":{"start":{"line":26,"column":59},"end":{"line":28,"column":null}},"line":26},"2":{"name":"getAccessToken","decl":{"start":{"line":30,"column":16},"end":{"line":30,"column":48}},"loc":{"start":{"line":30,"column":48},"end":{"line":32,"column":null}},"line":30},"3":{"name":"setOnSessionExpired","decl":{"start":{"line":38,"column":16},"end":{"line":38,"column":36}},"loc":{"start":{"line":38,"column":72},"end":{"line":40,"column":null}},"line":38},"4":{"name":"processQueue","decl":{"start":{"line":51,"column":9},"end":{"line":51,"column":22}},"loc":{"start":{"line":51,"column":73},"end":{"line":62,"column":null}},"line":51},"5":{"name":"(anonymous_5)","decl":{"start":{"line":71,"column":25},"end":{"line":71,"column":30}},"loc":{"start":{"line":71,"column":69},"end":{"line":77,"column":1}},"line":71},"6":{"name":"(anonymous_6)","decl":{"start":{"line":80,"column":26},"end":{"line":80,"column":null}},"loc":{"start":{"line":81,"column":16},"end":{"line":81,"column":null}},"line":81},"7":{"name":"(anonymous_7)","decl":{"start":{"line":82,"column":2},"end":{"line":82,"column":9}},"loc":{"start":{"line":82,"column":19},"end":{"line":138,"column":null}},"line":82},"8":{"name":"(anonymous_8)","decl":{"start":{"line":107,"column":19},"end":{"line":107,"column":36}},"loc":{"start":{"line":107,"column":56},"end":{"line":109,"column":9}},"line":107},"9":{"name":"(anonymous_9)","decl":{"start":{"line":109,"column":11},"end":{"line":109,"column":17}},"loc":{"start":{"line":109,"column":30},"end":{"line":112,"column":9}},"line":109}},"branchMap":{"0":{"loc":{"start":{"line":18,"column":10},"end":{"line":18,"column":32}},"type":"binary-expr","locations":[{"start":{"line":18,"column":10},"end":{"line":18,"column":21}},{"start":{"line":18,"column":21},"end":{"line":18,"column":32}}],"line":18},"1":{"loc":{"start":{"line":51,"column":38},"end":{"line":51,"column":73}},"type":"default-arg","locations":[{"start":{"line":51,"column":61},"end":{"line":51,"column":73}}],"line":51},"2":{"loc":{"start":{"line":52,"column":2},"end":{"line":60,"column":null}},"type":"if","locations":[{"start":{"line":52,"column":2},"end":{"line":60,"column":null}},{"start":{"line":56,"column":9},"end":{"line":60,"column":null}}],"line":52},"3":{"loc":{"start":{"line":73,"column":2},"end":{"line":75,"column":null}},"type":"if","locations":[{"start":{"line":73,"column":2},"end":{"line":75,"column":null}},{"start":{},"end":{}}],"line":73},"4":{"loc":{"start":{"line":87,"column":4},"end":{"line":89,"column":null}},"type":"if","locations":[{"start":{"line":87,"column":4},"end":{"line":89,"column":null}},{"start":{},"end":{}}],"line":87},"5":{"loc":{"start":{"line":92,"column":4},"end":{"line":94,"column":null}},"type":"if","locations":[{"start":{"line":92,"column":4},"end":{"line":94,"column":null}},{"start":{},"end":{}}],"line":92},"6":{"loc":{"start":{"line":97,"column":4},"end":{"line":135,"column":null}},"type":"if","locations":[{"start":{"line":97,"column":4},"end":{"line":135,"column":null}},{"start":{},"end":{}}],"line":97},"7":{"loc":{"start":{"line":97,"column":8},"end":{"line":97,"column":67}},"type":"binary-expr","locations":[{"start":{"line":97,"column":8},"end":{"line":97,"column":42}},{"start":{"line":97,"column":42},"end":{"line":97,"column":67}}],"line":97},"8":{"loc":{"start":{"line":99,"column":6},"end":{"line":103,"column":null}},"type":"if","locations":[{"start":{"line":99,"column":6},"end":{"line":103,"column":null}},{"start":{},"end":{}}],"line":99},"9":{"loc":{"start":{"line":106,"column":6},"end":{"line":113,"column":null}},"type":"if","locations":[{"start":{"line":106,"column":6},"end":{"line":113,"column":null}},{"start":{},"end":{}}],"line":106}},"s":{"0":3,"1":3,"2":15,"3":8,"4":26,"5":15,"6":5,"7":15,"8":15,"9":4,"10":1,"11":0,"12":3,"13":2,"14":4,"15":15,"16":15,"17":19,"18":19,"19":6,"20":19,"21":15,"22":10,"23":9,"24":9,"25":0,"26":9,"27":1,"28":8,"29":7,"30":1,"31":1,"32":1,"33":6,"34":2,"35":2,"36":2,"37":2,"38":4,"39":4,"40":4,"41":4,"42":3,"43":3,"44":3,"45":3,"46":3,"47":1,"48":1,"49":1,"50":1,"51":4,"52":1},"f":{"0":3,"1":8,"2":26,"3":5,"4":4,"5":19,"6":10,"7":9,"8":2,"9":2},"b":{"0":[3,2],"1":[4],"2":[1,3],"3":[6,13],"4":[0,9],"5":[1,8],"6":[7,1],"7":[8,7],"8":[1,6],"9":[2,4]},"meta":{"lastBranch":10,"lastFunction":10,"lastStatement":53,"seen":{"f:17:2:17:14":0,"s:18:4:18:Infinity":0,"b:18:10:18:21:18:21:18:32":0,"s:19:4:19:Infinity":1,"s:24:33:24:Infinity":2,"f:26:16:26:31":1,"s:27:2:27:Infinity":3,"f:30:16:30:48":2,"s:31:2:31:Infinity":4,"s:36:51:36:Infinity":5,"f:38:16:38:36":3,"s:39:2:39:Infinity":6,"s:48:19:48:Infinity":7,"s:49:31:49:Infinity":8,"f:51:9:51:22":4,"b:51:61:51:73":1,"b:52:2:60:Infinity:56:9:60:Infinity":2,"s:52:2:60:Infinity":9,"s:53:4:55:Infinity":10,"s:54:6:54:Infinity":11,"s:57:4:59:Infinity":12,"s:58:6:58:Infinity":13,"s:61:2:61:Infinity":14,"s:65:34:68:Infinity":15,"s:71:0:77:Infinity":16,"f:71:25:71:30":5,"s:72:16:72:Infinity":17,"b:73:2:75:Infinity:undefined:undefined:undefined:undefined":3,"s:73:2:75:Infinity":18,"s:74:4:74:Infinity":19,"s:76:2:76:Infinity":20,"s:80:0:139:Infinity":21,"f:80:26:80:Infinity":6,"s:81:16:81:Infinity":22,"f:82:2:82:9":7,"s:83:28:83:Infinity":23,"b:87:4:89:Infinity:undefined:undefined:undefined:undefined":4,"s:87:4:89:Infinity":24,"s:88:6:88:Infinity":25,"b:92:4:94:Infinity:undefined:undefined:undefined:undefined":5,"s:92:4:94:Infinity":26,"s:93:6:93:Infinity":27,"b:97:4:135:Infinity:undefined:undefined:undefined:undefined":6,"s:97:4:135:Infinity":28,"b:97:8:97:42:97:42:97:67":7,"b:99:6:103:Infinity:undefined:undefined:undefined:undefined":8,"s:99:6:103:Infinity":29,"s:100:8:100:Infinity":30,"s:101:8:101:Infinity":31,"s:102:8:102:Infinity":32,"b:106:6:113:Infinity:undefined:undefined:undefined:undefined":9,"s:106:6:113:Infinity":33,"s:107:8:112:Infinity":34,"f:107:19:107:36":8,"s:108:10:108:Infinity":35,"f:109:11:109:17":9,"s:110:10:110:Infinity":36,"s:111:10:111:Infinity":37,"s:116:6:116:Infinity":38,"s:117:6:117:Infinity":39,"s:119:6:134:Infinity":40,"s:120:25:120:Infinity":41,"s:121:33:121:Infinity":42,"s:122:8:122:Infinity":43,"s:123:8:123:Infinity":44,"s:125:8:125:Infinity":45,"s:126:8:126:Infinity":46,"s:128:8:128:Infinity":47,"s:129:8:129:Infinity":48,"s:130:8:130:Infinity":49,"s:131:8:131:Infinity":50,"s:133:8:133:Infinity":51,"s:137:4:137:Infinity":52},"fnNames":{}}}
}
